# JRE version: OpenJDK Runtime Environment (17.0.6) (build 17.0.6+0-b2043.56-10027231)
# Java VM: OpenJDK 64-Bit Server VM (17.0.6+0-b2043.56-10027231, mixed mode, tiered, compressed oops, compressed class ptrs, g1 gc, windows-amd64)
GC Precious Log:
 CPUs: 12 total, 12 available
 Memory: 7521M
 Large Page Support: Disabled
 NUMA Support: Disabled
 Compressed Oops: Enabled (32-bit)
 Heap Region Size: 1M
 Heap Min Capacity: 8M
 Heap Initial Capacity: 118M
 Heap Max Capacity: 1882M
 Pre-touch: Disabled
 Parallel Workers: 10
 Concurrent Workers: 3
 Concurrent Refinement Workers: 10
 Periodic GC: Disabled
Heap:
 garbage-first heap   total 602112K, used 407660K [0x000000008a600000, 0x0000000100000000)
  region size 1024K, 233 young (238592K), 1 survivors (1024K)
 Metaspace       used 91922K, committed 92352K, reserved 1138688K
  class space    used 9664K, committed 9856K, reserved 1048576K
GC Heap History (20 events):
Event: 12.331 GC heap before
{Heap before GC invocations=32 (full 0):
 garbage-first heap   total 239616K, used 186531K [0x000000008a600000, 0x0000000100000000)
  region size 1024K, 99 young (101376K), 10 survivors (10240K)
 Metaspace       used 65747K, committed 66112K, reserved 1114112K
  class space    used 7262K, committed 7424K, reserved 1048576K
}
Event: 12.342 GC heap after
{Heap after GC invocations=33 (full 0):
 garbage-first heap   total 239616K, used 103329K [0x000000008a600000, 0x0000000100000000)
  region size 1024K, 8 young (8192K), 8 survivors (8192K)
 Metaspace       used 65747K, committed 66112K, reserved 1114112K
  class space    used 7262K, committed 7424K, reserved 1048576K
}
Event: 13.068 GC heap before
{Heap before GC invocations=33 (full 0):
 garbage-first heap   total 239616K, used 191393K [0x000000008a600000, 0x0000000100000000)
  region size 1024K, 94 young (96256K), 8 survivors (8192K)
 Metaspace       used 66685K, committed 67008K, reserved 1114112K
  class space    used 7317K, committed 7488K, reserved 1048576K
}
Event: 13.079 GC heap after
{Heap after GC invocations=34 (full 0):
 garbage-first heap   total 239616K, used 108810K [0x000000008a600000, 0x0000000100000000)
  region size 1024K, 6 young (6144K), 6 survivors (6144K)
 Metaspace       used 66685K, committed 67008K, reserved 1114112K
  class space    used 7317K, committed 7488K, reserved 1048576K
}
Event: 13.648 GC heap before
{Heap before GC invocations=34 (full 0):
 garbage-first heap   total 239616K, used 194826K [0x000000008a600000, 0x0000000100000000)
  region size 1024K, 90 young (92160K), 6 survivors (6144K)
 Metaspace       used 66703K, committed 67072K, reserved 1114112K
  class space    used 7317K, committed 7488K, reserved 1048576K
}
Event: 13.661 GC heap after
{Heap after GC invocations=35 (full 0):
 garbage-first heap   total 239616K, used 117040K [0x000000008a600000, 0x0000000100000000)
  region size 1024K, 12 young (12288K), 12 survivors (12288K)
 Metaspace       used 66703K, committed 67072K, reserved 1114112K
  class space    used 7317K, committed 7488K, reserved 1048576K
}
Event: 14.582 GC heap before
{Heap before GC invocations=35 (full 0):
 garbage-first heap   total 239616K, used 195888K [0x000000008a600000, 0x0000000100000000)
  region size 1024K, 89 young (91136K), 12 survivors (12288K)
 Metaspace       used 73820K, committed 74176K, reserved 1122304K
  class space    used 8035K, committed 8192K, reserved 1048576K
}
Event: 14.597 GC heap after
{Heap after GC invocations=36 (full 0):
 garbage-first heap   total 239616K, used 127478K [0x000000008a600000, 0x0000000100000000)
  region size 1024K, 10 young (10240K), 10 survivors (10240K)
 Metaspace       used 73820K, committed 74176K, reserved 1122304K
  class space    used 8035K, committed 8192K, reserved 1048576K
}
Event: 14.948 GC heap before
{Heap before GC invocations=36 (full 0):
 garbage-first heap   total 239616K, used 196086K [0x000000008a600000, 0x0000000100000000)
  region size 1024K, 77 young (78848K), 10 survivors (10240K)
 Metaspace       used 75114K, committed 75456K, reserved 1122304K
  class space    used 8176K, committed 8320K, reserved 1048576K
}
Event: 14.961 GC heap after
{Heap after GC invocations=37 (full 0):
 garbage-first heap   total 239616K, used 140043K [0x000000008a600000, 0x0000000100000000)
  region size 1024K, 10 young (10240K), 10 survivors (10240K)
 Metaspace       used 75114K, committed 75456K, reserved 1122304K
  class space    used 8176K, committed 8320K, reserved 1048576K
}
Event: 15.370 GC heap before
{Heap before GC invocations=38 (full 0):
 garbage-first heap   total 239616K, used 197387K [0x000000008a600000, 0x0000000100000000)
  region size 1024K, 66 young (67584K), 10 survivors (10240K)
 Metaspace       used 75882K, committed 76224K, reserved 1122304K
  class space    used 8245K, committed 8384K, reserved 1048576K
}
Event: 15.394 GC heap after
{Heap after GC invocations=39 (full 0):
 garbage-first heap   total 239616K, used 164864K [0x000000008a600000, 0x0000000100000000)
  region size 1024K, 9 young (9216K), 9 survivors (9216K)
 Metaspace       used 75882K, committed 76224K, reserved 1122304K
  class space    used 8245K, committed 8384K, reserved 1048576K
}
Event: 15.416 GC heap before
{Heap before GC invocations=39 (full 0):
 garbage-first heap   total 239616K, used 166912K [0x000000008a600000, 0x0000000100000000)
  region size 1024K, 11 young (11264K), 9 survivors (9216K)
 Metaspace       used 75977K, committed 76352K, reserved 1122304K
  class space    used 8253K, committed 8448K, reserved 1048576K
}
Event: 15.425 GC heap after
{Heap after GC invocations=40 (full 0):
 garbage-first heap   total 239616K, used 166128K [0x000000008a600000, 0x0000000100000000)
  region size 1024K, 2 young (2048K), 2 survivors (2048K)
 Metaspace       used 75977K, committed 76352K, reserved 1122304K
  class space    used 8253K, committed 8448K, reserved 1048576K
}
Event: 15.590 GC heap before
{Heap before GC invocations=40 (full 0):
 garbage-first heap   total 239616K, used 192752K [0x000000008a600000, 0x0000000100000000)
  region size 1024K, 28 young (28672K), 2 survivors (2048K)
 Metaspace       used 76205K, committed 76608K, reserved 1122304K
  class space    used 8260K, committed 8448K, reserved 1048576K
}
Event: 15.595 GC heap after
{Heap after GC invocations=41 (full 0):
 garbage-first heap   total 239616K, used 169984K [0x000000008a600000, 0x0000000100000000)
  region size 1024K, 4 young (4096K), 4 survivors (4096K)
 Metaspace       used 76205K, committed 76608K, reserved 1122304K
  class space    used 8260K, committed 8448K, reserved 1048576K
}
Event: 15.869 GC heap before
{Heap before GC invocations=42 (full 0):
 garbage-first heap   total 301056K, used 196608K [0x000000008a600000, 0x0000000100000000)
  region size 1024K, 30 young (30720K), 4 survivors (4096K)
 Metaspace       used 77556K, committed 77952K, reserved 1122304K
  class space    used 8405K, committed 8576K, reserved 1048576K
}
Event: 15.873 GC heap after
{Heap after GC invocations=43 (full 0):
 garbage-first heap   total 301056K, used 172202K [0x000000008a600000, 0x0000000100000000)
  region size 1024K, 2 young (2048K), 2 survivors (2048K)
 Metaspace       used 77556K, committed 77952K, reserved 1122304K
  class space    used 8405K, committed 8576K, reserved 1048576K
}
Event: 16.017 GC heap before
{Heap before GC invocations=43 (full 0):
 garbage-first heap   total 301056K, used 183466K [0x000000008a600000, 0x0000000100000000)
  region size 1024K, 14 young (14336K), 2 survivors (2048K)
 Metaspace       used 79223K, committed 79616K, reserved 1122304K
  class space    used 8579K, committed 8768K, reserved 1048576K
}
Event: 16.022 GC heap after
{Heap after GC invocations=44 (full 0):
 garbage-first heap   total 602112K, used 171116K [0x000000008a600000, 0x0000000100000000)
  region size 1024K, 1 young (1024K), 1 survivors (1024K)
 Metaspace       used 79223K, committed 79616K, reserved 1122304K
  class space    used 8579K, committed 8768K, reserved 1048576K
}

