# JRE version: OpenJDK Runtime Environment (17.0.6) (build 17.0.6+0-b2043.56-10027231)
# Java VM: OpenJDK 64-Bit Server VM (17.0.6+0-b2043.56-10027231, mixed mode, tiered, compressed oops, compressed class ptrs, g1 gc, windows-amd64)
GC Precious Log:
 CPUs: 12 total, 12 available
 Memory: 7521M
 Large Page Support: Disabled
 NUMA Support: Disabled
 Compressed Oops: Enabled (32-bit)
 Heap Region Size: 1M
 Heap Min Capacity: 8M
 Heap Initial Capacity: 118M
 Heap Max Capacity: 2G
 Pre-touch: Disabled
 Parallel Workers: 10
 Concurrent Workers: 3
 Concurrent Refinement Workers: 10
 Periodic GC: Disabled
Heap:
 garbage-first heap   total 144384K, used 84976K [0x0000000080000000, 0x0000000100000000)
  region size 1024K, 1 young (1024K), 1 survivors (1024K)
 Metaspace       used 94267K, committed 94912K, reserved 1138688K
  class space    used 12805K, committed 13120K, reserved 1048576K
GC Heap History (20 events):
Event: 11.604 GC heap after
{Heap after GC invocations=23 (full 0):
 garbage-first heap   total 119808K, used 62210K [0x0000000080000000, 0x0000000100000000)
  region size 1024K, 3 young (3072K), 3 survivors (3072K)
 Metaspace       used 69642K, committed 70144K, reserved 1114112K
  class space    used 9184K, committed 9408K, reserved 1048576K
}
Event: 11.958 GC heap before
{Heap before GC invocations=24 (full 0):
 garbage-first heap   total 119808K, used 93954K [0x0000000080000000, 0x0000000100000000)
  region size 1024K, 34 young (34816K), 3 survivors (3072K)
 Metaspace       used 72830K, committed 73344K, reserved 1114112K
  class space    used 9631K, committed 9856K, reserved 1048576K
}
Event: 11.961 GC heap after
{Heap after GC invocations=25 (full 0):
 garbage-first heap   total 119808K, used 63880K [0x0000000080000000, 0x0000000100000000)
  region size 1024K, 5 young (5120K), 5 survivors (5120K)
 Metaspace       used 72830K, committed 73344K, reserved 1114112K
  class space    used 9631K, committed 9856K, reserved 1048576K
}
Event: 12.240 GC heap before
{Heap before GC invocations=25 (full 0):
 garbage-first heap   total 119808K, used 93576K [0x0000000080000000, 0x0000000100000000)
  region size 1024K, 35 young (35840K), 5 survivors (5120K)
 Metaspace       used 76410K, committed 77056K, reserved 1122304K
  class space    used 10092K, committed 10368K, reserved 1048576K
}
Event: 12.245 GC heap after
{Heap after GC invocations=26 (full 0):
 garbage-first heap   total 144384K, used 67370K [0x0000000080000000, 0x0000000100000000)
  region size 1024K, 5 young (5120K), 5 survivors (5120K)
 Metaspace       used 76410K, committed 77056K, reserved 1122304K
  class space    used 10092K, committed 10368K, reserved 1048576K
}
Event: 12.670 GC heap before
{Heap before GC invocations=27 (full 0):
 garbage-first heap   total 144384K, used 111402K [0x0000000080000000, 0x0000000100000000)
  region size 1024K, 48 young (49152K), 5 survivors (5120K)
 Metaspace       used 79073K, committed 79680K, reserved 1122304K
  class space    used 10454K, committed 10752K, reserved 1048576K
}
Event: 12.675 GC heap after
{Heap after GC invocations=28 (full 0):
 garbage-first heap   total 144384K, used 70743K [0x0000000080000000, 0x0000000100000000)
  region size 1024K, 5 young (5120K), 5 survivors (5120K)
 Metaspace       used 79073K, committed 79680K, reserved 1122304K
  class space    used 10454K, committed 10752K, reserved 1048576K
}
Event: 12.700 GC heap before
{Heap before GC invocations=28 (full 0):
 garbage-first heap   total 144384K, used 72791K [0x0000000080000000, 0x0000000100000000)
  region size 1024K, 7 young (7168K), 5 survivors (5120K)
 Metaspace       used 79244K, committed 79808K, reserved 1122304K
  class space    used 10470K, committed 10752K, reserved 1048576K
}
Event: 12.703 GC heap after
{Heap after GC invocations=29 (full 0):
 garbage-first heap   total 144384K, used 71680K [0x0000000080000000, 0x0000000100000000)
  region size 1024K, 1 young (1024K), 1 survivors (1024K)
 Metaspace       used 79244K, committed 79808K, reserved 1122304K
  class space    used 10470K, committed 10752K, reserved 1048576K
}
Event: 13.123 GC heap before
{Heap before GC invocations=29 (full 0):
 garbage-first heap   total 144384K, used 113664K [0x0000000080000000, 0x0000000100000000)
  region size 1024K, 42 young (43008K), 1 survivors (1024K)
 Metaspace       used 84150K, committed 84736K, reserved 1130496K
  class space    used 11349K, committed 11584K, reserved 1048576K
}
Event: 13.126 GC heap after
{Heap after GC invocations=30 (full 0):
 garbage-first heap   total 144384K, used 73656K [0x0000000080000000, 0x0000000100000000)
  region size 1024K, 3 young (3072K), 3 survivors (3072K)
 Metaspace       used 84150K, committed 84736K, reserved 1130496K
  class space    used 11349K, committed 11584K, reserved 1048576K
}
Event: 13.679 GC heap before
{Heap before GC invocations=31 (full 0):
 garbage-first heap   total 144384K, used 115640K [0x0000000080000000, 0x0000000100000000)
  region size 1024K, 44 young (45056K), 3 survivors (3072K)
 Metaspace       used 88217K, committed 88832K, reserved 1130496K
  class space    used 11956K, committed 12224K, reserved 1048576K
}
Event: 13.685 GC heap after
{Heap after GC invocations=32 (full 0):
 garbage-first heap   total 144384K, used 76995K [0x0000000080000000, 0x0000000100000000)
  region size 1024K, 6 young (6144K), 6 survivors (6144K)
 Metaspace       used 88217K, committed 88832K, reserved 1130496K
  class space    used 11956K, committed 12224K, reserved 1048576K
}
Event: 13.698 GC heap before
{Heap before GC invocations=32 (full 0):
 garbage-first heap   total 144384K, used 76995K [0x0000000080000000, 0x0000000100000000)
  region size 1024K, 7 young (7168K), 6 survivors (6144K)
 Metaspace       used 88355K, committed 88896K, reserved 1130496K
  class space    used 11979K, committed 12224K, reserved 1048576K
}
Event: 13.702 GC heap after
{Heap after GC invocations=33 (full 0):
 garbage-first heap   total 144384K, used 77230K [0x0000000080000000, 0x0000000100000000)
  region size 1024K, 1 young (1024K), 1 survivors (1024K)
 Metaspace       used 88355K, committed 88896K, reserved 1130496K
  class space    used 11979K, committed 12224K, reserved 1048576K
}
Event: 14.131 GC heap before
{Heap before GC invocations=33 (full 0):
 garbage-first heap   total 144384K, used 116142K [0x0000000080000000, 0x0000000100000000)
  region size 1024K, 39 young (39936K), 1 survivors (1024K)
 Metaspace       used 93119K, committed 93760K, reserved 1130496K
  class space    used 12648K, committed 12928K, reserved 1048576K
}
Event: 14.135 GC heap after
{Heap after GC invocations=34 (full 0):
 garbage-first heap   total 144384K, used 79736K [0x0000000080000000, 0x0000000100000000)
  region size 1024K, 4 young (4096K), 4 survivors (4096K)
 Metaspace       used 93119K, committed 93760K, reserved 1130496K
  class space    used 12648K, committed 12928K, reserved 1048576K
}
Event: 14.377 GC heap before
{Heap before GC invocations=35 (full 0):
 garbage-first heap   total 144384K, used 116600K [0x0000000080000000, 0x0000000100000000)
  region size 1024K, 40 young (40960K), 4 survivors (4096K)
 Metaspace       used 94237K, committed 94912K, reserved 1138688K
  class space    used 12803K, committed 13120K, reserved 1048576K
}
Event: 14.384 GC heap after
{Heap after GC invocations=36 (full 0):
 garbage-first heap   total 144384K, used 84691K [0x0000000080000000, 0x0000000100000000)
  region size 1024K, 5 young (5120K), 5 survivors (5120K)
 Metaspace       used 94237K, committed 94912K, reserved 1138688K
  class space    used 12803K, committed 13120K, reserved 1048576K
}
Event: 14.394 GC heap before
{Heap before GC invocations=36 (full 0):
 garbage-first heap   total 144384K, used 86739K [0x0000000080000000, 0x0000000100000000)
  region size 1024K, 7 young (7168K), 5 survivors (5120K)
 Metaspace       used 94267K, committed 94912K, reserved 1138688K
  class space    used 12805K, committed 13120K, reserved 1048576K
}

